[debug] [2021-04-28T03:47:48.733Z] ----------------------------------------------------------------------
[debug] [2021-04-28T03:47:48.736Z] Command:       /usr/local/bin/node /usr/local/bin/firebase deploy
[debug] [2021-04-28T03:47:48.736Z] CLI Version:   9.7.0
[debug] [2021-04-28T03:47:48.737Z] Platform:      darwin
[debug] [2021-04-28T03:47:48.737Z] Node Version:  v14.15.5
[debug] [2021-04-28T03:47:48.738Z] Time:          Wed Apr 28 2021 09:17:48 GMT+0530 (India Standard Time)
[debug] [2021-04-28T03:47:48.739Z] ----------------------------------------------------------------------
[debug] 
[debug] [2021-04-28T03:47:48.750Z] > command requires scopes: ["email","openid","https://www.googleapis.com/auth/cloudplatformprojects.readonly","https://www.googleapis.com/auth/firebase","https://www.googleapis.com/auth/cloud-platform"]
[debug] [2021-04-28T03:47:48.752Z] > authorizing via signed-in user
[debug] [2021-04-28T03:47:48.752Z] [iam] checking project helfy-rttss for permissions ["firebase.projects.get","firebasehosting.sites.update"]
[debug] [2021-04-28T03:47:48.754Z] >>> HTTP REQUEST POST https://cloudresourcemanager.googleapis.com/v1/projects/helfy-rttss:testIamPermissions  
 {"permissions":["firebase.projects.get","firebasehosting.sites.update"]}
[debug] [2021-04-28T03:47:49.530Z] <<< HTTP RESPONSE 200 {"content-type":"application/json; charset=UTF-8","vary":"X-Origin, Referer, Origin,Accept-Encoding","date":"Wed, 28 Apr 2021 03:47:49 GMT","server":"ESF","cache-control":"private","x-xss-protection":"0","x-frame-options":"SAMEORIGIN","x-content-type-options":"nosniff","server-timing":"gfet4t7; dur=246","alt-svc":"h3-29=\":443\"; ma=2592000,h3-T051=\":443\"; ma=2592000,h3-Q050=\":443\"; ma=2592000,h3-Q046=\":443\"; ma=2592000,h3-Q043=\":443\"; ma=2592000,quic=\":443\"; ma=2592000; v=\"46,43\"","accept-ranges":"none","transfer-encoding":"chunked"}
[debug] [2021-04-28T03:47:49.535Z] > refreshing access token with scopes: []
[debug] [2021-04-28T03:47:49.536Z] >>> HTTP REQUEST POST https://www.googleapis.com/oauth2/v3/token  
 <request body omitted>
[debug] [2021-04-28T03:47:49.910Z] <<< HTTP RESPONSE 200 {"cache-control":"no-cache, no-store, max-age=0, must-revalidate","expires":"Mon, 01 Jan 1990 00:00:00 GMT","date":"Wed, 28 Apr 2021 03:47:49 GMT","pragma":"no-cache","content-type":"application/json; charset=utf-8","vary":"X-Origin, Referer, Origin,Accept-Encoding","server":"scaffolding on HTTPServer2","x-xss-protection":"0","x-frame-options":"SAMEORIGIN","x-content-type-options":"nosniff","alt-svc":"h3-29=\":443\"; ma=2592000,h3-T051=\":443\"; ma=2592000,h3-Q050=\":443\"; ma=2592000,h3-Q046=\":443\"; ma=2592000,h3-Q043=\":443\"; ma=2592000,quic=\":443\"; ma=2592000; v=\"46,43\"","accept-ranges":"none","transfer-encoding":"chunked"}
[debug] [2021-04-28T03:47:49.930Z] >>> [apiv2][query] GET https://firebase.googleapis.com/v1beta1/projects/helfy-rttss [none]
[debug] [2021-04-28T03:47:50.509Z] <<< [apiv2][status] GET https://firebase.googleapis.com/v1beta1/projects/helfy-rttss 200
[debug] [2021-04-28T03:47:50.510Z] <<< [apiv2][body] GET https://firebase.googleapis.com/v1beta1/projects/helfy-rttss {"projectId":"helfy-rttss","projectNumber":"559165176276","displayName":"helfy-rttss","name":"projects/helfy-rttss","resources":{"hostingSite":"helfy-rttss"},"state":"ACTIVE"}
[info] 
[info] === Deploying to 'helfy-rttss'...
[info] 
[info] i  deploying hosting 
[debug] [2021-04-28T03:47:50.516Z] > refreshing access token with scopes: ["email","https://www.googleapis.com/auth/cloud-platform","https://www.googleapis.com/auth/cloudplatformprojects.readonly","https://www.googleapis.com/auth/firebase","openid"]
[debug] [2021-04-28T03:47:50.516Z] >>> HTTP REQUEST POST https://www.googleapis.com/oauth2/v3/token  
 <request body omitted>
[debug] [2021-04-28T03:47:50.859Z] <<< HTTP RESPONSE 200 {"cache-control":"no-cache, no-store, max-age=0, must-revalidate","expires":"Mon, 01 Jan 1990 00:00:00 GMT","date":"Wed, 28 Apr 2021 03:47:50 GMT","pragma":"no-cache","content-type":"application/json; charset=utf-8","vary":"X-Origin, Referer, Origin,Accept-Encoding","server":"scaffolding on HTTPServer2","x-xss-protection":"0","x-frame-options":"SAMEORIGIN","x-content-type-options":"nosniff","alt-svc":"h3-29=\":443\"; ma=2592000,h3-T051=\":443\"; ma=2592000,h3-Q050=\":443\"; ma=2592000,h3-Q046=\":443\"; ma=2592000,h3-Q043=\":443\"; ma=2592000,quic=\":443\"; ma=2592000; v=\"46,43\"","accept-ranges":"none","transfer-encoding":"chunked"}
[debug] [2021-04-28T03:47:50.873Z] >>> HTTP REQUEST POST https://firebasehosting.googleapis.com/v1beta1/sites/helfy-rttss/versions  
 {"config":{"rewrites":[{"glob":"**","path":"/index.html"}]},"labels":{"deployment-tool":"cli-firebase"}}
[debug] [2021-04-28T03:47:53.290Z] <<< HTTP RESPONSE 200 {"content-type":"application/json; charset=UTF-8","vary":"X-Origin, Referer, Origin,Accept-Encoding","date":"Wed, 28 Apr 2021 03:47:53 GMT","server":"ESF","cache-control":"private","x-xss-protection":"0","x-frame-options":"SAMEORIGIN","x-content-type-options":"nosniff","alt-svc":"h3-29=\":443\"; ma=2592000,h3-T051=\":443\"; ma=2592000,h3-Q050=\":443\"; ma=2592000,h3-Q046=\":443\"; ma=2592000,h3-Q043=\":443\"; ma=2592000,quic=\":443\"; ma=2592000; v=\"46,43\"","accept-ranges":"none","transfer-encoding":"chunked"}
[info] i  hosting[helfy-rttss]: beginning deploy... 
[info] i  hosting[helfy-rttss]: found 18 files in build 
[debug] [2021-04-28T03:47:53.640Z] > refreshing access token with scopes: []
[debug] [2021-04-28T03:47:53.640Z] >>> HTTP REQUEST POST https://www.googleapis.com/oauth2/v3/token  
 <request body omitted>
[debug] [2021-04-28T03:47:53.642Z] [hosting] hash cache [YnVpbGQ] stored for 18 files
[debug] [2021-04-28T03:47:53.642Z] [hosting][hash queue][FINAL] {"max":323,"min":18,"avg":44.611111111111114,"active":0,"complete":18,"success":18,"errored":0,"retried":0,"total":18,"elapsed":331}
[debug] [2021-04-28T03:47:53.953Z] <<< HTTP RESPONSE 200 {"cache-control":"no-cache, no-store, max-age=0, must-revalidate","pragma":"no-cache","date":"Wed, 28 Apr 2021 03:47:54 GMT","expires":"Mon, 01 Jan 1990 00:00:00 GMT","content-type":"application/json; charset=utf-8","vary":"X-Origin, Referer, Origin,Accept-Encoding","server":"scaffolding on HTTPServer2","x-xss-protection":"0","x-frame-options":"SAMEORIGIN","x-content-type-options":"nosniff","alt-svc":"h3-29=\":443\"; ma=2592000,h3-T051=\":443\"; ma=2592000,h3-Q050=\":443\"; ma=2592000,h3-Q046=\":443\"; ma=2592000,h3-Q043=\":443\"; ma=2592000,quic=\":443\"; ma=2592000; v=\"46,43\"","accept-ranges":"none","transfer-encoding":"chunked"}
[debug] [2021-04-28T03:47:53.972Z] >>> [apiv2][query] POST https://firebasehosting.googleapis.com/v1beta1/sites/helfy-rttss/versions/4ea387e818cae5ea:populateFiles [none]
[debug] [2021-04-28T03:47:53.972Z] >>> [apiv2][body] POST https://firebasehosting.googleapis.com/v1beta1/sites/helfy-rttss/versions/4ea387e818cae5ea:populateFiles {"files":{"/asset-manifest.json":"3362c577995214bc774a6cd20f050e2ee3d15aece86e7da0a1c2a421a64717ab","/index.html":"0914251a88aa771144b0e4d30437219f9c1a14774d9249b349be3bf089247ce9","/favicon.ico":"a08fa4488c3ecef62d9effd03b3a989929bdcbecf5e905941f9034a15bd3dba3","/precache-manifest.995c92cb40515805fe3324041a23b7cf.js":"43ad7c683aef32c3d9e7ec4bfed448b789c5336ee1fbd575977e28ac804cd743","/manifest.json":"341d52628782f8ac9290bbfc43298afccb47b7cbfcee146ae30cf0f46bc30900","/robots.txt":"391d14b3c2f8c9143a27a28c7399585142228d4d1bdbe2c87ac946de411fa9a2","/logo192.png":"caff018b7f1e8fd481eb1c50d75b0ef236bcd5078b1d15c8bb348453fee30293","/static/css/main.338a3e89.chunk.css":"c10faf1635123a106087376078a02ad3612253c153641ce35eae19bbfd655aed","/service-worker.js":"bb582489192fd0988020f0109e6c064f0616cad40fe75a37c5e58c645c93574e","/static/js/2.245d1f0d.chunk.js.LICENSE.txt":"cfc81aeb3512284ac5f71c6b4688fc1b1e2fa2a8d9c9d78bac7cadc4c9b3ba7a","/static/css/main.338a3e89.chunk.css.map":"3f228f162286706de3f6f589c62cdd66487211d678be847f3a15e54bd5937dac","/static/js/runtime-main.d33b66ca.js":"55cb8a74f49643df02263d21dee0eccd7e09e2db6a296328058bfa262e5e06fb","/static/js/runtime-main.d33b66ca.js.map":"5797bd778fdcb8a65d0fc9465c9b0f5031dfa7a6e5252ea83d35f2dcc4bae17e","/logo512.png":"191fc21360b4ccfb1cda11a1efb97f489ed22672ca83f4064316802bbfdd750e","/static/js/main.4ee6b62b.chunk.js":"cb0d07fa41674cf6d18328500d030f92e9e10b87d83717d9ace15b25dcb08215","/static/js/main.4ee6b62b.chunk.js.map":"031ec81e3293f34e82977cf99ebeb70ae974063490239f65d51af83a92c3b847","/static/js/2.245d1f0d.chunk.js":"861d640a495371ec905e6d4264b274a439eeaeff6ec1db6acf760e3b03471b4a","/static/js/2.245d1f0d.chunk.js.map":"91fa0a6ff74fd914e397a8127644f4792e6fd5d96ff4fc58860120562bb71488"}}
[debug] [2021-04-28T03:47:55.957Z] <<< [apiv2][status] POST https://firebasehosting.googleapis.com/v1beta1/sites/helfy-rttss/versions/4ea387e818cae5ea:populateFiles 200
[debug] [2021-04-28T03:47:55.957Z] <<< [apiv2][body] POST https://firebasehosting.googleapis.com/v1beta1/sites/helfy-rttss/versions/4ea387e818cae5ea:populateFiles {"uploadRequiredHashes":["031ec81e3293f34e82977cf99ebeb70ae974063490239f65d51af83a92c3b847","bb582489192fd0988020f0109e6c064f0616cad40fe75a37c5e58c645c93574e","0914251a88aa771144b0e4d30437219f9c1a14774d9249b349be3bf089247ce9","3362c577995214bc774a6cd20f050e2ee3d15aece86e7da0a1c2a421a64717ab","43ad7c683aef32c3d9e7ec4bfed448b789c5336ee1fbd575977e28ac804cd743","cb0d07fa41674cf6d18328500d030f92e9e10b87d83717d9ace15b25dcb08215"],"uploadUrl":"https://upload-firebasehosting.googleapis.com/upload/sites/helfy-rttss/versions/4ea387e818cae5ea/files"}
[debug] [2021-04-28T03:47:55.959Z] >>> [apiv2][query] POST https://upload-firebasehosting.googleapis.com/upload/sites/helfy-rttss/versions/4ea387e818cae5ea/files/031ec81e3293f34e82977cf99ebeb70ae974063490239f65d51af83a92c3b847 [none]
[debug] [2021-04-28T03:47:55.959Z] >>> [apiv2][body] POST https://upload-firebasehosting.googleapis.com/upload/sites/helfy-rttss/versions/4ea387e818cae5ea/files/031ec81e3293f34e82977cf99ebeb70ae974063490239f65d51af83a92c3b847 [stream]
[debug] [2021-04-28T03:47:55.963Z] >>> [apiv2][query] POST https://upload-firebasehosting.googleapis.com/upload/sites/helfy-rttss/versions/4ea387e818cae5ea/files/bb582489192fd0988020f0109e6c064f0616cad40fe75a37c5e58c645c93574e [none]
[debug] [2021-04-28T03:47:55.964Z] >>> [apiv2][body] POST https://upload-firebasehosting.googleapis.com/upload/sites/helfy-rttss/versions/4ea387e818cae5ea/files/bb582489192fd0988020f0109e6c064f0616cad40fe75a37c5e58c645c93574e [stream]
[debug] [2021-04-28T03:47:55.965Z] >>> [apiv2][query] POST https://upload-firebasehosting.googleapis.com/upload/sites/helfy-rttss/versions/4ea387e818cae5ea/files/0914251a88aa771144b0e4d30437219f9c1a14774d9249b349be3bf089247ce9 [none]
[debug] [2021-04-28T03:47:55.965Z] >>> [apiv2][body] POST https://upload-firebasehosting.googleapis.com/upload/sites/helfy-rttss/versions/4ea387e818cae5ea/files/0914251a88aa771144b0e4d30437219f9c1a14774d9249b349be3bf089247ce9 [stream]
[debug] [2021-04-28T03:47:55.966Z] >>> [apiv2][query] POST https://upload-firebasehosting.googleapis.com/upload/sites/helfy-rttss/versions/4ea387e818cae5ea/files/3362c577995214bc774a6cd20f050e2ee3d15aece86e7da0a1c2a421a64717ab [none]
[debug] [2021-04-28T03:47:55.966Z] >>> [apiv2][body] POST https://upload-firebasehosting.googleapis.com/upload/sites/helfy-rttss/versions/4ea387e818cae5ea/files/3362c577995214bc774a6cd20f050e2ee3d15aece86e7da0a1c2a421a64717ab [stream]
[debug] [2021-04-28T03:47:55.967Z] >>> [apiv2][query] POST https://upload-firebasehosting.googleapis.com/upload/sites/helfy-rttss/versions/4ea387e818cae5ea/files/43ad7c683aef32c3d9e7ec4bfed448b789c5336ee1fbd575977e28ac804cd743 [none]
[debug] [2021-04-28T03:47:55.967Z] >>> [apiv2][body] POST https://upload-firebasehosting.googleapis.com/upload/sites/helfy-rttss/versions/4ea387e818cae5ea/files/43ad7c683aef32c3d9e7ec4bfed448b789c5336ee1fbd575977e28ac804cd743 [stream]
[debug] [2021-04-28T03:47:55.968Z] >>> [apiv2][query] POST https://upload-firebasehosting.googleapis.com/upload/sites/helfy-rttss/versions/4ea387e818cae5ea/files/cb0d07fa41674cf6d18328500d030f92e9e10b87d83717d9ace15b25dcb08215 [none]
[debug] [2021-04-28T03:47:55.969Z] >>> [apiv2][body] POST https://upload-firebasehosting.googleapis.com/upload/sites/helfy-rttss/versions/4ea387e818cae5ea/files/cb0d07fa41674cf6d18328500d030f92e9e10b87d83717d9ace15b25dcb08215 [stream]
[debug] [2021-04-28T03:47:55.970Z] [hosting][populate queue][FINAL] {"max":2319,"min":2319,"avg":2319,"active":0,"complete":1,"success":1,"errored":0,"retried":0,"total":1,"elapsed":2330}
[debug] [2021-04-28T03:47:55.971Z] [hosting] uploads queued: 6
[debug] [2021-04-28T03:47:59.429Z] <<< [apiv2][status] POST https://upload-firebasehosting.googleapis.com/upload/sites/helfy-rttss/versions/4ea387e818cae5ea/files/3362c577995214bc774a6cd20f050e2ee3d15aece86e7da0a1c2a421a64717ab 200
[debug] [2021-04-28T03:47:59.429Z] <<< [apiv2][body] POST https://upload-firebasehosting.googleapis.com/upload/sites/helfy-rttss/versions/4ea387e818cae5ea/files/3362c577995214bc774a6cd20f050e2ee3d15aece86e7da0a1c2a421a64717ab [stream]
[debug] [2021-04-28T03:47:59.475Z] <<< [apiv2][status] POST https://upload-firebasehosting.googleapis.com/upload/sites/helfy-rttss/versions/4ea387e818cae5ea/files/0914251a88aa771144b0e4d30437219f9c1a14774d9249b349be3bf089247ce9 200
[debug] [2021-04-28T03:47:59.476Z] <<< [apiv2][body] POST https://upload-firebasehosting.googleapis.com/upload/sites/helfy-rttss/versions/4ea387e818cae5ea/files/0914251a88aa771144b0e4d30437219f9c1a14774d9249b349be3bf089247ce9 [stream]
[debug] [2021-04-28T03:47:59.625Z] <<< [apiv2][status] POST https://upload-firebasehosting.googleapis.com/upload/sites/helfy-rttss/versions/4ea387e818cae5ea/files/cb0d07fa41674cf6d18328500d030f92e9e10b87d83717d9ace15b25dcb08215 200
[debug] [2021-04-28T03:47:59.625Z] <<< [apiv2][body] POST https://upload-firebasehosting.googleapis.com/upload/sites/helfy-rttss/versions/4ea387e818cae5ea/files/cb0d07fa41674cf6d18328500d030f92e9e10b87d83717d9ace15b25dcb08215 [stream]
[debug] [2021-04-28T03:47:59.666Z] <<< [apiv2][status] POST https://upload-firebasehosting.googleapis.com/upload/sites/helfy-rttss/versions/4ea387e818cae5ea/files/bb582489192fd0988020f0109e6c064f0616cad40fe75a37c5e58c645c93574e 200
[debug] [2021-04-28T03:47:59.666Z] <<< [apiv2][body] POST https://upload-firebasehosting.googleapis.com/upload/sites/helfy-rttss/versions/4ea387e818cae5ea/files/bb582489192fd0988020f0109e6c064f0616cad40fe75a37c5e58c645c93574e [stream]
[debug] [2021-04-28T03:47:59.720Z] <<< [apiv2][status] POST https://upload-firebasehosting.googleapis.com/upload/sites/helfy-rttss/versions/4ea387e818cae5ea/files/43ad7c683aef32c3d9e7ec4bfed448b789c5336ee1fbd575977e28ac804cd743 200
[debug] [2021-04-28T03:47:59.720Z] <<< [apiv2][body] POST https://upload-firebasehosting.googleapis.com/upload/sites/helfy-rttss/versions/4ea387e818cae5ea/files/43ad7c683aef32c3d9e7ec4bfed448b789c5336ee1fbd575977e28ac804cd743 [stream]
[debug] [2021-04-28T03:47:59.759Z] <<< [apiv2][status] POST https://upload-firebasehosting.googleapis.com/upload/sites/helfy-rttss/versions/4ea387e818cae5ea/files/031ec81e3293f34e82977cf99ebeb70ae974063490239f65d51af83a92c3b847 200
[debug] [2021-04-28T03:47:59.759Z] <<< [apiv2][body] POST https://upload-firebasehosting.googleapis.com/upload/sites/helfy-rttss/versions/4ea387e818cae5ea/files/031ec81e3293f34e82977cf99ebeb70ae974063490239f65d51af83a92c3b847 [stream]
[debug] [2021-04-28T03:47:59.760Z] [hosting][upload queue][FINAL] {"max":3802,"min":3471,"avg":3654.3333333333335,"active":0,"complete":6,"success":6,"errored":0,"retried":0,"total":6,"elapsed":3803}
[info] ✔  hosting[helfy-rttss]: file upload complete 
[debug] [2021-04-28T03:47:59.761Z] [hosting] deploy completed after 6470ms
[debug] [2021-04-28T03:48:00.099Z] [
  {
    "config": {
      "public": "build",
      "ignore": [
        "firebase.json",
        "**/.*",
        "**/node_modules/**"
      ],
      "rewrites": [
        {
          "source": "**",
          "destination": "/index.html"
        }
      ],
      "site": "helfy-rttss"
    },
    "site": "helfy-rttss",
    "version": "sites/helfy-rttss/versions/4ea387e818cae5ea"
  }
]
[info] i  hosting[helfy-rttss]: finalizing version... 
[debug] [2021-04-28T03:48:00.100Z] > refreshing access token with scopes: ["email","https://www.googleapis.com/auth/cloud-platform","https://www.googleapis.com/auth/cloudplatformprojects.readonly","https://www.googleapis.com/auth/firebase","openid"]
[debug] [2021-04-28T03:48:00.100Z] >>> HTTP REQUEST POST https://www.googleapis.com/oauth2/v3/token  
 <request body omitted>
